2023-10-26 10:56:55 0 [Note] Starting MariaDB 10.4.28-MariaDB source revision c8f2e9a5c0ac5905f28b050b7df5a9ffd914b7e7 as process 7772
2023-10-26 10:56:55 0 [Note] InnoDB: Mutexes and rw_locks use Windows interlocked functions
2023-10-26 10:56:55 0 [Note] InnoDB: Uses event mutexes
2023-10-26 10:56:55 0 [Note] InnoDB: Compressed tables use zlib 1.2.12
2023-10-26 10:56:55 0 [Note] InnoDB: Number of pools: 1
2023-10-26 10:56:55 0 [Note] InnoDB: Using SSE2 crc32 instructions
2023-10-26 10:56:55 0 [Note] InnoDB: Initializing buffer pool, total size = 16M, instances = 1, chunk size = 16M
2023-10-26 10:56:55 0 [Note] InnoDB: Completed initialization of buffer pool
2023-10-26 10:56:55 0 [Note] InnoDB: Starting crash recovery from checkpoint LSN=300288
2023-10-26 10:56:56 0 [Note] InnoDB: 128 out of 128 rollback segments are active.
2023-10-26 10:56:56 0 [Note] InnoDB: Removed temporary tablespace data file: "ibtmp1"
2023-10-26 10:56:56 0 [Note] InnoDB: Creating shared tablespace for temporary tables
2023-10-26 10:56:56 0 [Note] InnoDB: Setting file 'D:\XAMPP\mysql\data\ibtmp1' size to 12 MB. Physically writing the file full; Please wait ...
2023-10-26 10:56:56 0 [Note] InnoDB: File 'D:\XAMPP\mysql\data\ibtmp1' size is now 12 MB.
2023-10-26 10:56:56 0 [Note] InnoDB: Waiting for purge to start
2023-10-26 10:56:56 0 [Note] InnoDB: 10.4.28 started; log sequence number 300297; transaction id 170
2023-10-26 10:56:56 0 [Note] InnoDB: Loading buffer pool(s) from D:\XAMPP\mysql\data\ib_buffer_pool
2023-10-26 10:56:56 0 [Note] Plugin 'FEEDBACK' is disabled.
2023-10-26 10:56:56 0 [Note] Server socket created on IP: '::'.
2023-11-05 15:53:26 0 [Note] Starting MariaDB 10.4.28-MariaDB source revision c8f2e9a5c0ac5905f28b050b7df5a9ffd914b7e7 as process 13080
2023-11-05 15:53:26 0 [Note] InnoDB: Mutexes and rw_locks use Windows interlocked functions
2023-11-05 15:53:26 0 [Note] InnoDB: Uses event mutexes
2023-11-05 15:53:26 0 [Note] InnoDB: Compressed tables use zlib 1.2.12
2023-11-05 15:53:26 0 [Note] InnoDB: Number of pools: 1
2023-11-05 15:53:26 0 [Note] InnoDB: Using SSE2 crc32 instructions
2023-11-05 15:53:26 0 [Note] InnoDB: Initializing buffer pool, total size = 16M, instances = 1, chunk size = 16M
2023-11-05 15:53:26 0 [Note] InnoDB: Completed initialization of buffer pool
2023-11-05 15:53:26 0 [Note] InnoDB: Starting crash recovery from checkpoint LSN=301041
2023-11-05 15:53:26 0 [Note] InnoDB: 128 out of 128 rollback segments are active.
2023-11-05 15:53:26 0 [Note] InnoDB: Removed temporary tablespace data file: "ibtmp1"
2023-11-05 15:53:26 0 [Note] InnoDB: Creating shared tablespace for temporary tables
2023-11-05 15:53:26 0 [Note] InnoDB: Setting file 'D:\XAMPP\mysql\data\ibtmp1' size to 12 MB. Physically writing the file full; Please wait ...
2023-11-05 15:53:26 0 [Note] InnoDB: File 'D:\XAMPP\mysql\data\ibtmp1' size is now 12 MB.
2023-11-05 15:53:26 0 [Note] InnoDB: Waiting for purge to start
2023-11-05 15:53:26 0 [Note] InnoDB: 10.4.28 started; log sequence number 301050; transaction id 198
2023-11-05 15:53:26 0 [Note] InnoDB: Loading buffer pool(s) from D:\XAMPP\mysql\data\ib_buffer_pool
2023-11-05 15:53:26 0 [Note] Plugin 'FEEDBACK' is disabled.
2023-11-05 15:53:26 0 [Note] InnoDB: Buffer pool(s) load completed at 231105 15:53:26
2023-11-05 15:53:26 0 [Note] Server socket created on IP: '::'.
2023-11-05 19:05:09 0 [Note] Starting MariaDB 10.4.28-MariaDB source revision c8f2e9a5c0ac5905f28b050b7df5a9ffd914b7e7 as process 7272
2023-11-05 19:05:09 0 [Note] InnoDB: Mutexes and rw_locks use Windows interlocked functions
2023-11-05 19:05:09 0 [Note] InnoDB: Uses event mutexes
2023-11-05 19:05:09 0 [Note] InnoDB: Compressed tables use zlib 1.2.12
2023-11-05 19:05:09 0 [Note] InnoDB: Number of pools: 1
2023-11-05 19:05:09 0 [Note] InnoDB: Using SSE2 crc32 instructions
2023-11-05 19:05:09 0 [Note] InnoDB: Initializing buffer pool, total size = 16M, instances = 1, chunk size = 16M
2023-11-05 19:05:09 0 [Note] InnoDB: Completed initialization of buffer pool
2023-11-05 19:05:09 0 [Note] InnoDB: Starting crash recovery from checkpoint LSN=301075
2023-11-05 19:05:10 0 [Note] InnoDB: 128 out of 128 rollback segments are active.
2023-11-05 19:05:10 0 [Note] InnoDB: Removed temporary tablespace data file: "ibtmp1"
2023-11-05 19:05:10 0 [Note] InnoDB: Creating shared tablespace for temporary tables
2023-11-05 19:05:10 0 [Note] InnoDB: Setting file 'D:\XAMPP\mysql\data\ibtmp1' size to 12 MB. Physically writing the file full; Please wait ...
2023-11-05 19:05:10 0 [Note] InnoDB: File 'D:\XAMPP\mysql\data\ibtmp1' size is now 12 MB.
2023-11-05 19:05:10 0 [Note] InnoDB: Waiting for purge to start
2023-11-05 19:05:10 0 [Note] InnoDB: 10.4.28 started; log sequence number 301084; transaction id 198
2023-11-05 19:05:10 0 [Note] InnoDB: Loading buffer pool(s) from D:\XAMPP\mysql\data\ib_buffer_pool
2023-11-05 19:05:10 0 [Note] Plugin 'FEEDBACK' is disabled.
2023-11-05 19:05:10 0 [Note] Server socket created on IP: '::'.
2023-11-05 19:12:32 0 [Note] Starting MariaDB 10.4.28-MariaDB source revision c8f2e9a5c0ac5905f28b050b7df5a9ffd914b7e7 as process 10476
2023-11-05 19:12:32 0 [Note] InnoDB: Mutexes and rw_locks use Windows interlocked functions
2023-11-05 19:12:32 0 [Note] InnoDB: Uses event mutexes
2023-11-05 19:12:32 0 [Note] InnoDB: Compressed tables use zlib 1.2.12
2023-11-05 19:12:32 0 [Note] InnoDB: Number of pools: 1
2023-11-05 19:12:32 0 [Note] InnoDB: Using SSE2 crc32 instructions
2023-11-05 19:12:32 0 [Note] InnoDB: Initializing buffer pool, total size = 16M, instances = 1, chunk size = 16M
2023-11-05 19:12:32 0 [Note] InnoDB: Completed initialization of buffer pool
2023-11-05 19:12:32 0 [Note] InnoDB: Starting crash recovery from checkpoint LSN=304629
2023-11-05 19:12:32 0 [Note] InnoDB: 128 out of 128 rollback segments are active.
2023-11-05 19:12:32 0 [Note] InnoDB: Removed temporary tablespace data file: "ibtmp1"
2023-11-05 19:12:32 0 [Note] InnoDB: Creating shared tablespace for temporary tables
2023-11-05 19:12:32 0 [Note] InnoDB: Setting file 'D:\XAMPP\mysql\data\ibtmp1' size to 12 MB. Physically writing the file full; Please wait ...
2023-11-05 19:12:32 0 [Note] InnoDB: File 'D:\XAMPP\mysql\data\ibtmp1' size is now 12 MB.
2023-11-05 19:12:32 0 [Note] InnoDB: Waiting for purge to start
2023-11-05 19:12:32 0 [Note] InnoDB: 10.4.28 started; log sequence number 304654; transaction id 221
2023-11-05 19:12:32 0 [Note] InnoDB: Loading buffer pool(s) from D:\XAMPP\mysql\data\ib_buffer_pool
2023-11-05 19:12:32 0 [Note] Plugin 'FEEDBACK' is disabled.
2023-11-05 19:12:33 0 [Note] Server socket created on IP: '::'.
2023-11-05 19:13:31 0 [Note] Starting MariaDB 10.4.28-MariaDB source revision c8f2e9a5c0ac5905f28b050b7df5a9ffd914b7e7 as process 1460
2023-11-05 19:13:31 0 [Note] InnoDB: Mutexes and rw_locks use Windows interlocked functions
2023-11-05 19:13:31 0 [Note] InnoDB: Uses event mutexes
2023-11-05 19:13:31 0 [Note] InnoDB: Compressed tables use zlib 1.2.12
2023-11-05 19:13:31 0 [Note] InnoDB: Number of pools: 1
2023-11-05 19:13:31 0 [Note] InnoDB: Using SSE2 crc32 instructions
2023-11-05 19:13:31 0 [Note] InnoDB: Initializing buffer pool, total size = 16M, instances = 1, chunk size = 16M
2023-11-05 19:13:31 0 [Note] InnoDB: Completed initialization of buffer pool
2023-11-05 19:13:31 0 [Note] InnoDB: Starting crash recovery from checkpoint LSN=304964
2023-11-05 19:13:31 0 [Note] InnoDB: 128 out of 128 rollback segments are active.
2023-11-05 19:13:31 0 [Note] InnoDB: Removed temporary tablespace data file: "ibtmp1"
2023-11-05 19:13:31 0 [Note] InnoDB: Creating shared tablespace for temporary tables
2023-11-05 19:13:31 0 [Note] InnoDB: Setting file 'D:\XAMPP\mysql\data\ibtmp1' size to 12 MB. Physically writing the file full; Please wait ...
2023-11-05 19:13:31 0 [Note] InnoDB: File 'D:\XAMPP\mysql\data\ibtmp1' size is now 12 MB.
2023-11-05 19:13:31 0 [Note] InnoDB: Waiting for purge to start
2023-11-05 19:13:31 0 [Note] InnoDB: 10.4.28 started; log sequence number 304973; transaction id 244
2023-11-05 19:13:31 0 [Note] InnoDB: Loading buffer pool(s) from D:\XAMPP\mysql\data\ib_buffer_pool
2023-11-05 19:13:31 0 [Note] Plugin 'FEEDBACK' is disabled.
2023-11-05 19:13:31 0 [Note] Server socket created on IP: '::'.
2023-11-05 19:15:02 0 [Note] Starting MariaDB 10.4.28-MariaDB source revision c8f2e9a5c0ac5905f28b050b7df5a9ffd914b7e7 as process 10144
2023-11-05 19:15:02 0 [Note] InnoDB: Mutexes and rw_locks use Windows interlocked functions
2023-11-05 19:15:02 0 [Note] InnoDB: Uses event mutexes
2023-11-05 19:15:02 0 [Note] InnoDB: Compressed tables use zlib 1.2.12
2023-11-05 19:15:02 0 [Note] InnoDB: Number of pools: 1
2023-11-05 19:15:02 0 [Note] InnoDB: Using SSE2 crc32 instructions
2023-11-05 19:15:02 0 [Note] InnoDB: Initializing buffer pool, total size = 16M, instances = 1, chunk size = 16M
2023-11-05 19:15:02 0 [Note] InnoDB: Completed initialization of buffer pool
2023-11-05 19:15:02 0 [Note] InnoDB: Starting crash recovery from checkpoint LSN=304982
2023-11-05 19:15:02 0 [Note] InnoDB: 128 out of 128 rollback segments are active.
2023-11-05 19:15:02 0 [Note] InnoDB: Removed temporary tablespace data file: "ibtmp1"
2023-11-05 19:15:02 0 [Note] InnoDB: Creating shared tablespace for temporary tables
2023-11-05 19:15:02 0 [Note] InnoDB: Setting file 'D:\XAMPP\mysql\data\ibtmp1' size to 12 MB. Physically writing the file full; Please wait ...
2023-11-05 19:15:02 0 [Note] InnoDB: File 'D:\XAMPP\mysql\data\ibtmp1' size is now 12 MB.
2023-11-05 19:15:02 0 [Note] InnoDB: Waiting for purge to start
2023-11-05 19:15:02 0 [Note] InnoDB: 10.4.28 started; log sequence number 304991; transaction id 244
2023-11-05 19:15:02 0 [Note] InnoDB: Loading buffer pool(s) from D:\XAMPP\mysql\data\ib_buffer_pool
2023-11-05 19:15:02 0 [Note] Plugin 'FEEDBACK' is disabled.
2023-11-05 19:15:02 0 [Note] Server socket created on IP: '::'.
